  classf.cpp
C:\Users\mrdal\Desktop\QA_Lab3_Shorakhmatov\classf\classf.cpp(58,18): warning C4244: '=': conversion from 'double' to 'int', possible loss of data
C:\Users\mrdal\Desktop\QA_Lab3_Shorakhmatov\classf\classf.cpp(95,10): warning C4566: character represented by universal-character-name '\u0417' cannot be represented in the current code page (1252)
C:\Users\mrdal\Desktop\QA_Lab3_Shorakhmatov\classf\classf.cpp(95,10): warning C4566: character represented by universal-character-name '\u0430' cannot be represented in the current code page (1252)
C:\Users\mrdal\Desktop\QA_Lab3_Shorakhmatov\classf\classf.cpp(95,10): warning C4566: character represented by universal-character-name '\u0442' cannot be represented in the current code page (1252)
C:\Users\mrdal\Desktop\QA_Lab3_Shorakhmatov\classf\classf.cpp(95,10): warning C4566: character represented by universal-character-name '\u0440' cannot be represented in the current code page (1252)
C:\Users\mrdal\Desktop\QA_Lab3_Shorakhmatov\classf\classf.cpp(95,10): warning C4566: character represented by universal-character-name '\u044B' cannot be represented in the current code page (1252)
C:\Users\mrdal\Desktop\QA_Lab3_Shorakhmatov\classf\classf.cpp(95,10): warning C4566: character represented by universal-character-name '\u043D' cannot be represented in the current code page (1252)
C:\Users\mrdal\Desktop\QA_Lab3_Shorakhmatov\classf\classf.cpp(95,10): warning C4566: character represented by universal-character-name '\u0444' cannot be represented in the current code page (1252)
C:\Users\mrdal\Desktop\QA_Lab3_Shorakhmatov\classf\classf.cpp(95,10): warning C4566: character represented by universal-character-name '\u0438' cannot be represented in the current code page (1252)
C:\Users\mrdal\Desktop\QA_Lab3_Shorakhmatov\classf\classf.cpp(95,10): warning C4566: character represented by universal-character-name '\u043B' cannot be represented in the current code page (1252)
C:\Users\mrdal\Desktop\QA_Lab3_Shorakhmatov\classf\classf.cpp(95,10): warning C4566: character represented by universal-character-name '\u044C' cannot be represented in the current code page (1252)
C:\Users\mrdal\Desktop\QA_Lab3_Shorakhmatov\classf\classf.cpp(95,10): warning C4566: character represented by universal-character-name '\u043C' cannot be represented in the current code page (1252)
C:\Users\mrdal\Desktop\QA_Lab3_Shorakhmatov\classf\classf.cpp(95,57): warning C4566: character represented by universal-character-name '\u041F' cannot be represented in the current code page (1252)
C:\Users\mrdal\Desktop\QA_Lab3_Shorakhmatov\classf\classf.cpp(95,57): warning C4566: character represented by universal-character-name '\u0440' cannot be represented in the current code page (1252)
C:\Users\mrdal\Desktop\QA_Lab3_Shorakhmatov\classf\classf.cpp(95,57): warning C4566: character represented by universal-character-name '\u0438' cannot be represented in the current code page (1252)
C:\Users\mrdal\Desktop\QA_Lab3_Shorakhmatov\classf\classf.cpp(95,57): warning C4566: character represented by universal-character-name '\u0431' cannot be represented in the current code page (1252)
C:\Users\mrdal\Desktop\QA_Lab3_Shorakhmatov\classf\classf.cpp(95,57): warning C4566: character represented by universal-character-name '\u044B' cannot be represented in the current code page (1252)
C:\Users\mrdal\Desktop\QA_Lab3_Shorakhmatov\classf\classf.cpp(95,57): warning C4566: character represented by universal-character-name '\u043B' cannot be represented in the current code page (1252)
C:\Users\mrdal\Desktop\QA_Lab3_Shorakhmatov\classf\classf.cpp(95,57): warning C4566: character represented by universal-character-name '\u044C' cannot be represented in the current code page (1252)
C:\Users\mrdal\Desktop\QA_Lab3_Shorakhmatov\classf\classf.cpp(95,57): warning C4566: character represented by universal-character-name '\u0437' cannot be represented in the current code page (1252)
C:\Users\mrdal\Desktop\QA_Lab3_Shorakhmatov\classf\classf.cpp(95,57): warning C4566: character represented by universal-character-name '\u0430' cannot be represented in the current code page (1252)
C:\Users\mrdal\Desktop\QA_Lab3_Shorakhmatov\classf\classf.cpp(95,57): warning C4566: character represented by universal-character-name '\u0444' cannot be represented in the current code page (1252)
C:\Users\mrdal\Desktop\QA_Lab3_Shorakhmatov\classf\classf.cpp(95,57): warning C4566: character represented by universal-character-name '\u043C' cannot be represented in the current code page (1252)
C:\Users\mrdal\Desktop\QA_Lab3_Shorakhmatov\classf\classf.cpp(111,10): warning C4566: character represented by universal-character-name '\u0412' cannot be represented in the current code page (1252)
C:\Users\mrdal\Desktop\QA_Lab3_Shorakhmatov\classf\classf.cpp(111,10): warning C4566: character represented by universal-character-name '\u0432' cannot be represented in the current code page (1252)
C:\Users\mrdal\Desktop\QA_Lab3_Shorakhmatov\classf\classf.cpp(111,10): warning C4566: character represented by universal-character-name '\u0435' cannot be represented in the current code page (1252)
C:\Users\mrdal\Desktop\QA_Lab3_Shorakhmatov\classf\classf.cpp(111,10): warning C4566: character represented by universal-character-name '\u0434' cannot be represented in the current code page (1252)
C:\Users\mrdal\Desktop\QA_Lab3_Shorakhmatov\classf\classf.cpp(111,10): warning C4566: character represented by universal-character-name '\u0438' cannot be represented in the current code page (1252)
C:\Users\mrdal\Desktop\QA_Lab3_Shorakhmatov\classf\classf.cpp(111,10): warning C4566: character represented by universal-character-name '\u0442' cannot be represented in the current code page (1252)
C:\Users\mrdal\Desktop\QA_Lab3_Shorakhmatov\classf\classf.cpp(111,10): warning C4566: character represented by universal-character-name '\u0437' cannot be represented in the current code page (1252)
C:\Users\mrdal\Desktop\QA_Lab3_Shorakhmatov\classf\classf.cpp(111,10): warning C4566: character represented by universal-character-name '\u0430' cannot be represented in the current code page (1252)
C:\Users\mrdal\Desktop\QA_Lab3_Shorakhmatov\classf\classf.cpp(111,10): warning C4566: character represented by universal-character-name '\u0440' cannot be represented in the current code page (1252)
C:\Users\mrdal\Desktop\QA_Lab3_Shorakhmatov\classf\classf.cpp(111,10): warning C4566: character represented by universal-character-name '\u044B' cannot be represented in the current code page (1252)
C:\Users\mrdal\Desktop\QA_Lab3_Shorakhmatov\classf\classf.cpp(111,10): warning C4566: character represented by universal-character-name '\u043D' cannot be represented in the current code page (1252)
C:\Users\mrdal\Desktop\QA_Lab3_Shorakhmatov\classf\classf.cpp(111,10): warning C4566: character represented by universal-character-name '\u0444' cannot be represented in the current code page (1252)
C:\Users\mrdal\Desktop\QA_Lab3_Shorakhmatov\classf\classf.cpp(111,10): warning C4566: character represented by universal-character-name '\u043B' cannot be represented in the current code page (1252)
C:\Users\mrdal\Desktop\QA_Lab3_Shorakhmatov\classf\classf.cpp(111,10): warning C4566: character represented by universal-character-name '\u044C' cannot be represented in the current code page (1252)
C:\Users\mrdal\Desktop\QA_Lab3_Shorakhmatov\classf\classf.cpp(111,10): warning C4566: character represented by universal-character-name '\u043C' cannot be represented in the current code page (1252)
C:\Users\mrdal\Desktop\QA_Lab3_Shorakhmatov\classf\classf.cpp(114,10): warning C4566: character represented by universal-character-name '\u0412' cannot be represented in the current code page (1252)
C:\Users\mrdal\Desktop\QA_Lab3_Shorakhmatov\classf\classf.cpp(114,10): warning C4566: character represented by universal-character-name '\u0432' cannot be represented in the current code page (1252)
C:\Users\mrdal\Desktop\QA_Lab3_Shorakhmatov\classf\classf.cpp(114,10): warning C4566: character represented by universal-character-name '\u0435' cannot be represented in the current code page (1252)
C:\Users\mrdal\Desktop\QA_Lab3_Shorakhmatov\classf\classf.cpp(114,10): warning C4566: character represented by universal-character-name '\u0434' cannot be represented in the current code page (1252)
C:\Users\mrdal\Desktop\QA_Lab3_Shorakhmatov\classf\classf.cpp(114,10): warning C4566: character represented by universal-character-name '\u0438' cannot be represented in the current code page (1252)
C:\Users\mrdal\Desktop\QA_Lab3_Shorakhmatov\classf\classf.cpp(114,10): warning C4566: character represented by universal-character-name '\u0442' cannot be represented in the current code page (1252)
C:\Users\mrdal\Desktop\QA_Lab3_Shorakhmatov\classf\classf.cpp(114,10): warning C4566: character represented by universal-character-name '\u043F' cannot be represented in the current code page (1252)
C:\Users\mrdal\Desktop\QA_Lab3_Shorakhmatov\classf\classf.cpp(114,10): warning C4566: character represented by universal-character-name '\u0440' cannot be represented in the current code page (1252)
C:\Users\mrdal\Desktop\QA_Lab3_Shorakhmatov\classf\classf.cpp(114,10): warning C4566: character represented by universal-character-name '\u0431' cannot be represented in the current code page (1252)
C:\Users\mrdal\Desktop\QA_Lab3_Shorakhmatov\classf\classf.cpp(114,10): warning C4566: character represented by universal-character-name '\u044B' cannot be represented in the current code page (1252)
C:\Users\mrdal\Desktop\QA_Lab3_Shorakhmatov\classf\classf.cpp(114,10): warning C4566: character represented by universal-character-name '\u043B' cannot be represented in the current code page (1252)
C:\Users\mrdal\Desktop\QA_Lab3_Shorakhmatov\classf\classf.cpp(114,10): warning C4566: character represented by universal-character-name '\u044C' cannot be represented in the current code page (1252)
C:\Users\mrdal\Desktop\QA_Lab3_Shorakhmatov\classf\classf.cpp(114,10): warning C4566: character represented by universal-character-name '\u0441' cannot be represented in the current code page (1252)
C:\Users\mrdal\Desktop\QA_Lab3_Shorakhmatov\classf\classf.cpp(114,10): warning C4566: character represented by universal-character-name '\u0444' cannot be represented in the current code page (1252)
C:\Users\mrdal\Desktop\QA_Lab3_Shorakhmatov\classf\classf.cpp(114,10): warning C4566: character represented by universal-character-name '\u043C' cannot be represented in the current code page (1252)
C:\Users\mrdal\Desktop\QA_Lab3_Shorakhmatov\classf\classf.cpp(114,10): warning C4566: character represented by universal-character-name '\u0430' cannot be represented in the current code page (1252)
C:\Users\mrdal\Desktop\QA_Lab3_Shorakhmatov\classf\classf.cpp(131,10): warning C4244: 'initializing': conversion from 'double' to 'int', possible loss of data
C:\Users\mrdal\Desktop\QA_Lab3_Shorakhmatov\classf\classf.cpp(140,9): warning C4244: 'return': conversion from 'double' to 'int', possible loss of data
C:\Users\mrdal\Desktop\QA_Lab3_Shorakhmatov\classf\classf.cpp(213,10): warning C4566: character represented by universal-character-name '\u041D' cannot be represented in the current code page (1252)
C:\Users\mrdal\Desktop\QA_Lab3_Shorakhmatov\classf\classf.cpp(213,10): warning C4566: character represented by universal-character-name '\u0430' cannot be represented in the current code page (1252)
C:\Users\mrdal\Desktop\QA_Lab3_Shorakhmatov\classf\classf.cpp(213,10): warning C4566: character represented by universal-character-name '\u0437' cannot be represented in the current code page (1252)
C:\Users\mrdal\Desktop\QA_Lab3_Shorakhmatov\classf\classf.cpp(213,10): warning C4566: character represented by universal-character-name '\u0432' cannot be represented in the current code page (1252)
C:\Users\mrdal\Desktop\QA_Lab3_Shorakhmatov\classf\classf.cpp(213,10): warning C4566: character represented by universal-character-name '\u043D' cannot be represented in the current code page (1252)
C:\Users\mrdal\Desktop\QA_Lab3_Shorakhmatov\classf\classf.cpp(213,10): warning C4566: character represented by universal-character-name '\u0438' cannot be represented in the current code page (1252)
C:\Users\mrdal\Desktop\QA_Lab3_Shorakhmatov\classf\classf.cpp(213,10): warning C4566: character represented by universal-character-name '\u0435' cannot be represented in the current code page (1252)
C:\Users\mrdal\Desktop\QA_Lab3_Shorakhmatov\classf\classf.cpp(213,10): warning C4566: character represented by universal-character-name '\u043A' cannot be represented in the current code page (1252)
C:\Users\mrdal\Desktop\QA_Lab3_Shorakhmatov\classf\classf.cpp(213,10): warning C4566: character represented by universal-character-name '\u043E' cannot be represented in the current code page (1252)
C:\Users\mrdal\Desktop\QA_Lab3_Shorakhmatov\classf\classf.cpp(213,10): warning C4566: character represented by universal-character-name '\u0441' cannot be represented in the current code page (1252)
C:\Users\mrdal\Desktop\QA_Lab3_Shorakhmatov\classf\classf.cpp(213,10): warning C4566: character represented by universal-character-name '\u0442' cannot be represented in the current code page (1252)
C:\Users\mrdal\Desktop\QA_Lab3_Shorakhmatov\classf\classf.cpp(213,10): warning C4566: character represented by universal-character-name '\u0443' cannot be represented in the current code page (1252)
C:\Users\mrdal\Desktop\QA_Lab3_Shorakhmatov\classf\classf.cpp(213,10): warning C4566: character represented by universal-character-name '\u0434' cannot be represented in the current code page (1252)
C:\Users\mrdal\Desktop\QA_Lab3_Shorakhmatov\classf\classf.cpp(213,63): warning C4566: character represented by universal-character-name '\u041F' cannot be represented in the current code page (1252)
C:\Users\mrdal\Desktop\QA_Lab3_Shorakhmatov\classf\classf.cpp(213,63): warning C4566: character represented by universal-character-name '\u0435' cannot be represented in the current code page (1252)
C:\Users\mrdal\Desktop\QA_Lab3_Shorakhmatov\classf\classf.cpp(213,63): warning C4566: character represented by universal-character-name '\u0440' cannot be represented in the current code page (1252)
C:\Users\mrdal\Desktop\QA_Lab3_Shorakhmatov\classf\classf.cpp(213,63): warning C4566: character represented by universal-character-name '\u0432' cannot be represented in the current code page (1252)
C:\Users\mrdal\Desktop\QA_Lab3_Shorakhmatov\classf\classf.cpp(213,63): warning C4566: character represented by universal-character-name '\u044B' cannot be represented in the current code page (1252)
C:\Users\mrdal\Desktop\QA_Lab3_Shorakhmatov\classf\classf.cpp(213,63): warning C4566: character represented by universal-character-name '\u0439' cannot be represented in the current code page (1252)
C:\Users\mrdal\Desktop\QA_Lab3_Shorakhmatov\classf\classf.cpp(213,63): warning C4566: character represented by universal-character-name '\u0442' cannot be represented in the current code page (1252)
C:\Users\mrdal\Desktop\QA_Lab3_Shorakhmatov\classf\classf.cpp(213,63): warning C4566: character represented by universal-character-name '\u0443' cannot be represented in the current code page (1252)
C:\Users\mrdal\Desktop\QA_Lab3_Shorakhmatov\classf\classf.cpp(216,10): warning C4566: character represented by universal-character-name '\u0414' cannot be represented in the current code page (1252)
C:\Users\mrdal\Desktop\QA_Lab3_Shorakhmatov\classf\classf.cpp(216,10): warning C4566: character represented by universal-character-name '\u043E' cannot be represented in the current code page (1252)
C:\Users\mrdal\Desktop\QA_Lab3_Shorakhmatov\classf\classf.cpp(216,10): warning C4566: character represented by universal-character-name '\u0445' cannot be represented in the current code page (1252)
C:\Users\mrdal\Desktop\QA_Lab3_Shorakhmatov\classf\classf.cpp(216,10): warning C4566: character represented by universal-character-name '\u0434' cannot be represented in the current code page (1252)
C:\Users\mrdal\Desktop\QA_Lab3_Shorakhmatov\classf\classf.cpp(216,10): warning C4566: character represented by universal-character-name '\u0442' cannot be represented in the current code page (1252)
C:\Users\mrdal\Desktop\QA_Lab3_Shorakhmatov\classf\classf.cpp(216,10): warning C4566: character represented by universal-character-name '\u043F' cannot be represented in the current code page (1252)
C:\Users\mrdal\Desktop\QA_Lab3_Shorakhmatov\classf\classf.cpp(216,10): warning C4566: character represented by universal-character-name '\u0440' cannot be represented in the current code page (1252)
C:\Users\mrdal\Desktop\QA_Lab3_Shorakhmatov\classf\classf.cpp(216,10): warning C4566: character represented by universal-character-name '\u043A' cannot be represented in the current code page (1252)
C:\Users\mrdal\Desktop\QA_Lab3_Shorakhmatov\classf\classf.cpp(216,10): warning C4566: character represented by universal-character-name '\u0430' cannot be represented in the current code page (1252)
C:\Users\mrdal\Desktop\QA_Lab3_Shorakhmatov\classf\classf.cpp(216,10): warning C4566: character represented by universal-character-name '\u0435' cannot be represented in the current code page (1252)
C:\Users\mrdal\Desktop\QA_Lab3_Shorakhmatov\classf\classf.cpp(216,10): warning C4566: character represented by universal-character-name '\u0432' cannot be represented in the current code page (1252)
C:\Users\mrdal\Desktop\QA_Lab3_Shorakhmatov\classf\classf.cpp(216,10): warning C4566: character represented by universal-character-name '\u0433' cannot be represented in the current code page (1252)
C:\Users\mrdal\Desktop\QA_Lab3_Shorakhmatov\classf\classf.cpp(216,10): warning C4566: character represented by universal-character-name '\u0444' cannot be represented in the current code page (1252)
C:\Users\mrdal\Desktop\QA_Lab3_Shorakhmatov\classf\classf.cpp(216,10): warning C4566: character represented by universal-character-name '\u0438' cannot be represented in the current code page (1252)
C:\Users\mrdal\Desktop\QA_Lab3_Shorakhmatov\classf\classf.cpp(216,10): warning C4566: character represented by universal-character-name '\u043B' cannot be represented in the current code page (1252)
C:\Users\mrdal\Desktop\QA_Lab3_Shorakhmatov\classf\classf.cpp(216,10): warning C4566: character represented by universal-character-name '\u044C' cannot be represented in the current code page (1252)
C:\Users\mrdal\Desktop\QA_Lab3_Shorakhmatov\classf\classf.cpp(216,10): warning C4566: character represented by universal-character-name '\u043C' cannot be represented in the current code page (1252)
C:\Users\mrdal\Desktop\QA_Lab3_Shorakhmatov\classf\classf.cpp(216,10): warning C4566: character represented by universal-character-name '\u0437' cannot be represented in the current code page (1252)
C:\Users\mrdal\Desktop\QA_Lab3_Shorakhmatov\classf\classf.cpp(216,10): warning C4566: character represented by universal-character-name '\u0443' cannot be represented in the current code page (1252)
C:\Users\mrdal\Desktop\QA_Lab3_Shorakhmatov\classf\classf.cpp(216,10): warning C4566: character represented by universal-character-name '\u0431' cannot be represented in the current code page (1252)
C:\Users\mrdal\Desktop\QA_Lab3_Shorakhmatov\classf\classf.cpp(216,10): warning C4566: character represented by universal-character-name '\u0436' cannot be represented in the current code page (1252)
C:\Users\mrdal\Desktop\QA_Lab3_Shorakhmatov\classf\classf.cpp(216,112): warning C4566: character represented by universal-character-name '\u0412' cannot be represented in the current code page (1252)
C:\Users\mrdal\Desktop\QA_Lab3_Shorakhmatov\classf\classf.cpp(216,112): warning C4566: character represented by universal-character-name '\u0442' cannot be represented in the current code page (1252)
C:\Users\mrdal\Desktop\QA_Lab3_Shorakhmatov\classf\classf.cpp(216,112): warning C4566: character represented by universal-character-name '\u043E' cannot be represented in the current code page (1252)
C:\Users\mrdal\Desktop\QA_Lab3_Shorakhmatov\classf\classf.cpp(216,112): warning C4566: character represented by universal-character-name '\u0440' cannot be represented in the current code page (1252)
C:\Users\mrdal\Desktop\QA_Lab3_Shorakhmatov\classf\classf.cpp(216,112): warning C4566: character represented by universal-character-name '\u0439' cannot be represented in the current code page (1252)
C:\Users\mrdal\Desktop\QA_Lab3_Shorakhmatov\classf\classf.cpp(216,112): warning C4566: character represented by universal-character-name '\u0443' cannot be represented in the current code page (1252)
C:\Users\mrdal\Desktop\QA_Lab3_Shorakhmatov\classf\classf.cpp(219,10): warning C4566: character represented by universal-character-name '\u0414' cannot be represented in the current code page (1252)
C:\Users\mrdal\Desktop\QA_Lab3_Shorakhmatov\classf\classf.cpp(219,10): warning C4566: character represented by universal-character-name '\u043E' cannot be represented in the current code page (1252)
C:\Users\mrdal\Desktop\QA_Lab3_Shorakhmatov\classf\classf.cpp(219,10): warning C4566: character represented by universal-character-name '\u0445' cannot be represented in the current code page (1252)
C:\Users\mrdal\Desktop\QA_Lab3_Shorakhmatov\classf\classf.cpp(219,10): warning C4566: character represented by universal-character-name '\u0434' cannot be represented in the current code page (1252)
C:\Users\mrdal\Desktop\QA_Lab3_Shorakhmatov\classf\classf.cpp(219,10): warning C4566: character represented by universal-character-name '\u0442' cannot be represented in the current code page (1252)
C:\Users\mrdal\Desktop\QA_Lab3_Shorakhmatov\classf\classf.cpp(219,10): warning C4566: character represented by universal-character-name '\u043F' cannot be represented in the current code page (1252)
C:\Users\mrdal\Desktop\QA_Lab3_Shorakhmatov\classf\classf.cpp(219,10): warning C4566: character represented by universal-character-name '\u0440' cannot be represented in the current code page (1252)
C:\Users\mrdal\Desktop\QA_Lab3_Shorakhmatov\classf\classf.cpp(219,10): warning C4566: character represented by universal-character-name '\u043A' cannot be represented in the current code page (1252)
C:\Users\mrdal\Desktop\QA_Lab3_Shorakhmatov\classf\classf.cpp(219,10): warning C4566: character represented by universal-character-name '\u0430' cannot be represented in the current code page (1252)
C:\Users\mrdal\Desktop\QA_Lab3_Shorakhmatov\classf\classf.cpp(219,10): warning C4566: character represented by universal-character-name '\u0432' cannot be represented in the current code page (1252)
C:\Users\mrdal\Desktop\QA_Lab3_Shorakhmatov\classf\classf.cpp(219,10): warning C4566: character represented by universal-character-name '\u0433' cannot be represented in the current code page (1252)
C:\Users\mrdal\Desktop\QA_Lab3_Shorakhmatov\classf\classf.cpp(219,10): warning C4566: character represented by universal-character-name '\u0444' cannot be represented in the current code page (1252)
C:\Users\mrdal\Desktop\QA_Lab3_Shorakhmatov\classf\classf.cpp(219,10): warning C4566: character represented by universal-character-name '\u0438' cannot be represented in the current code page (1252)
C:\Users\mrdal\Desktop\QA_Lab3_Shorakhmatov\classf\classf.cpp(219,10): warning C4566: character represented by universal-character-name '\u043B' cannot be represented in the current code page (1252)
C:\Users\mrdal\Desktop\QA_Lab3_Shorakhmatov\classf\classf.cpp(219,10): warning C4566: character represented by universal-character-name '\u044C' cannot be represented in the current code page (1252)
C:\Users\mrdal\Desktop\QA_Lab3_Shorakhmatov\classf\classf.cpp(219,10): warning C4566: character represented by universal-character-name '\u043C' cannot be represented in the current code page (1252)
C:\Users\mrdal\Desktop\QA_Lab3_Shorakhmatov\classf\classf.cpp(219,10): warning C4566: character represented by universal-character-name '\u0437' cannot be represented in the current code page (1252)
C:\Users\mrdal\Desktop\QA_Lab3_Shorakhmatov\classf\classf.cpp(219,10): warning C4566: character represented by universal-character-name '\u0443' cannot be represented in the current code page (1252)
C:\Users\mrdal\Desktop\QA_Lab3_Shorakhmatov\classf\classf.cpp(219,10): warning C4566: character represented by universal-character-name '\u0431' cannot be represented in the current code page (1252)
C:\Users\mrdal\Desktop\QA_Lab3_Shorakhmatov\classf\classf.cpp(219,10): warning C4566: character represented by universal-character-name '\u0435' cannot be represented in the current code page (1252)
C:\Users\mrdal\Desktop\QA_Lab3_Shorakhmatov\classf\classf.cpp(219,10): warning C4566: character represented by universal-character-name '\u0436' cannot be represented in the current code page (1252)
C:\Users\mrdal\Desktop\QA_Lab3_Shorakhmatov\classf\classf.cpp(219,109): warning C4566: character represented by universal-character-name '\u0422' cannot be represented in the current code page (1252)
C:\Users\mrdal\Desktop\QA_Lab3_Shorakhmatov\classf\classf.cpp(219,109): warning C4566: character represented by universal-character-name '\u0440' cannot be represented in the current code page (1252)
C:\Users\mrdal\Desktop\QA_Lab3_Shorakhmatov\classf\classf.cpp(219,109): warning C4566: character represented by universal-character-name '\u0435' cannot be represented in the current code page (1252)
C:\Users\mrdal\Desktop\QA_Lab3_Shorakhmatov\classf\classf.cpp(219,109): warning C4566: character represented by universal-character-name '\u0442' cannot be represented in the current code page (1252)
C:\Users\mrdal\Desktop\QA_Lab3_Shorakhmatov\classf\classf.cpp(219,109): warning C4566: character represented by universal-character-name '\u0438' cannot be represented in the current code page (1252)
C:\Users\mrdal\Desktop\QA_Lab3_Shorakhmatov\classf\classf.cpp(219,109): warning C4566: character represented by universal-character-name '\u0439' cannot be represented in the current code page (1252)
C:\Users\mrdal\Desktop\QA_Lab3_Shorakhmatov\classf\classf.cpp(219,109): warning C4566: character represented by universal-character-name '\u0443' cannot be represented in the current code page (1252)
C:\Users\mrdal\Desktop\QA_Lab3_Shorakhmatov\classf\classf.cpp(222,10): warning C4566: character represented by universal-character-name '\u0414' cannot be represented in the current code page (1252)
C:\Users\mrdal\Desktop\QA_Lab3_Shorakhmatov\classf\classf.cpp(222,10): warning C4566: character represented by universal-character-name '\u043E' cannot be represented in the current code page (1252)
C:\Users\mrdal\Desktop\QA_Lab3_Shorakhmatov\classf\classf.cpp(222,10): warning C4566: character represented by universal-character-name '\u0445' cannot be represented in the current code page (1252)
C:\Users\mrdal\Desktop\QA_Lab3_Shorakhmatov\classf\classf.cpp(222,10): warning C4566: character represented by universal-character-name '\u0434' cannot be represented in the current code page (1252)
C:\Users\mrdal\Desktop\QA_Lab3_Shorakhmatov\classf\classf.cpp(222,10): warning C4566: character represented by universal-character-name '\u0442' cannot be represented in the current code page (1252)
C:\Users\mrdal\Desktop\QA_Lab3_Shorakhmatov\classf\classf.cpp(222,10): warning C4566: character represented by universal-character-name '\u043F' cannot be represented in the current code page (1252)
C:\Users\mrdal\Desktop\QA_Lab3_Shorakhmatov\classf\classf.cpp(222,10): warning C4566: character represented by universal-character-name '\u0440' cannot be represented in the current code page (1252)
C:\Users\mrdal\Desktop\QA_Lab3_Shorakhmatov\classf\classf.cpp(222,10): warning C4566: character represented by universal-character-name '\u043A' cannot be represented in the current code page (1252)
C:\Users\mrdal\Desktop\QA_Lab3_Shorakhmatov\classf\classf.cpp(222,10): warning C4566: character represented by universal-character-name '\u0430' cannot be represented in the current code page (1252)
C:\Users\mrdal\Desktop\QA_Lab3_Shorakhmatov\classf\classf.cpp(222,10): warning C4566: character represented by universal-character-name '\u0435' cannot be represented in the current code page (1252)
C:\Users\mrdal\Desktop\QA_Lab3_Shorakhmatov\classf\classf.cpp(222,10): warning C4566: character represented by universal-character-name '\u044C' cannot be represented in the current code page (1252)
C:\Users\mrdal\Desktop\QA_Lab3_Shorakhmatov\classf\classf.cpp(222,10): warning C4566: character represented by universal-character-name '\u0433' cannot be represented in the current code page (1252)
C:\Users\mrdal\Desktop\QA_Lab3_Shorakhmatov\classf\classf.cpp(222,10): warning C4566: character represented by universal-character-name '\u0444' cannot be represented in the current code page (1252)
C:\Users\mrdal\Desktop\QA_Lab3_Shorakhmatov\classf\classf.cpp(222,10): warning C4566: character represented by universal-character-name '\u0438' cannot be represented in the current code page (1252)
C:\Users\mrdal\Desktop\QA_Lab3_Shorakhmatov\classf\classf.cpp(222,10): warning C4566: character represented by universal-character-name '\u043B' cannot be represented in the current code page (1252)
C:\Users\mrdal\Desktop\QA_Lab3_Shorakhmatov\classf\classf.cpp(222,10): warning C4566: character represented by universal-character-name '\u043C' cannot be represented in the current code page (1252)
C:\Users\mrdal\Desktop\QA_Lab3_Shorakhmatov\classf\classf.cpp(222,10): warning C4566: character represented by universal-character-name '\u0437' cannot be represented in the current code page (1252)
C:\Users\mrdal\Desktop\QA_Lab3_Shorakhmatov\classf\classf.cpp(222,10): warning C4566: character represented by universal-character-name '\u0443' cannot be represented in the current code page (1252)
C:\Users\mrdal\Desktop\QA_Lab3_Shorakhmatov\classf\classf.cpp(222,10): warning C4566: character represented by universal-character-name '\u0431' cannot be represented in the current code page (1252)
C:\Users\mrdal\Desktop\QA_Lab3_Shorakhmatov\classf\classf.cpp(222,10): warning C4566: character represented by universal-character-name '\u0436' cannot be represented in the current code page (1252)
C:\Users\mrdal\Desktop\QA_Lab3_Shorakhmatov\classf\classf.cpp(228,10): warning C4566: character represented by universal-character-name '\u0412' cannot be represented in the current code page (1252)
C:\Users\mrdal\Desktop\QA_Lab3_Shorakhmatov\classf\classf.cpp(228,10): warning C4566: character represented by universal-character-name '\u0432' cannot be represented in the current code page (1252)
C:\Users\mrdal\Desktop\QA_Lab3_Shorakhmatov\classf\classf.cpp(228,10): warning C4566: character represented by universal-character-name '\u0435' cannot be represented in the current code page (1252)
C:\Users\mrdal\Desktop\QA_Lab3_Shorakhmatov\classf\classf.cpp(228,10): warning C4566: character represented by universal-character-name '\u0434' cannot be represented in the current code page (1252)
C:\Users\mrdal\Desktop\QA_Lab3_Shorakhmatov\classf\classf.cpp(228,10): warning C4566: character represented by universal-character-name '\u0438' cannot be represented in the current code page (1252)
C:\Users\mrdal\Desktop\QA_Lab3_Shorakhmatov\classf\classf.cpp(228,10): warning C4566: character represented by universal-character-name '\u0442' cannot be represented in the current code page (1252)
C:\Users\mrdal\Desktop\QA_Lab3_Shorakhmatov\classf\classf.cpp(228,10): warning C4566: character represented by universal-character-name '\u043D' cannot be represented in the current code page (1252)
C:\Users\mrdal\Desktop\QA_Lab3_Shorakhmatov\classf\classf.cpp(228,10): warning C4566: character represented by universal-character-name '\u0430' cannot be represented in the current code page (1252)
C:\Users\mrdal\Desktop\QA_Lab3_Shorakhmatov\classf\classf.cpp(228,10): warning C4566: character represented by universal-character-name '\u0437' cannot be represented in the current code page (1252)
C:\Users\mrdal\Desktop\QA_Lab3_Shorakhmatov\classf\classf.cpp(228,10): warning C4566: character represented by universal-character-name '\u043A' cannot be represented in the current code page (1252)
C:\Users\mrdal\Desktop\QA_Lab3_Shorakhmatov\classf\classf.cpp(228,10): warning C4566: character represented by universal-character-name '\u043E' cannot be represented in the current code page (1252)
C:\Users\mrdal\Desktop\QA_Lab3_Shorakhmatov\classf\classf.cpp(228,10): warning C4566: character represented by universal-character-name '\u0441' cannot be represented in the current code page (1252)
C:\Users\mrdal\Desktop\QA_Lab3_Shorakhmatov\classf\classf.cpp(228,10): warning C4566: character represented by universal-character-name '\u0443' cannot be represented in the current code page (1252)
C:\Users\mrdal\Desktop\QA_Lab3_Shorakhmatov\classf\classf.cpp(233,10): warning C4566: character represented by universal-character-name '\u0412' cannot be represented in the current code page (1252)
C:\Users\mrdal\Desktop\QA_Lab3_Shorakhmatov\classf\classf.cpp(233,10): warning C4566: character represented by universal-character-name '\u0432' cannot be represented in the current code page (1252)
C:\Users\mrdal\Desktop\QA_Lab3_Shorakhmatov\classf\classf.cpp(233,10): warning C4566: character represented by universal-character-name '\u0435' cannot be represented in the current code page (1252)
C:\Users\mrdal\Desktop\QA_Lab3_Shorakhmatov\classf\classf.cpp(233,10): warning C4566: character represented by universal-character-name '\u0434' cannot be represented in the current code page (1252)
C:\Users\mrdal\Desktop\QA_Lab3_Shorakhmatov\classf\classf.cpp(233,10): warning C4566: character represented by universal-character-name '\u0438' cannot be represented in the current code page (1252)
C:\Users\mrdal\Desktop\QA_Lab3_Shorakhmatov\classf\classf.cpp(233,10): warning C4566: character represented by universal-character-name '\u0442' cannot be represented in the current code page (1252)
C:\Users\mrdal\Desktop\QA_Lab3_Shorakhmatov\classf\classf.cpp(233,10): warning C4566: character represented by universal-character-name '\u043E' cannot be represented in the current code page (1252)
C:\Users\mrdal\Desktop\QA_Lab3_Shorakhmatov\classf\classf.cpp(233,10): warning C4566: character represented by universal-character-name '\u0445' cannot be represented in the current code page (1252)
C:\Users\mrdal\Desktop\QA_Lab3_Shorakhmatov\classf\classf.cpp(233,10): warning C4566: character represented by universal-character-name '\u043F' cannot be represented in the current code page (1252)
C:\Users\mrdal\Desktop\QA_Lab3_Shorakhmatov\classf\classf.cpp(233,10): warning C4566: character represented by universal-character-name '\u0440' cannot be represented in the current code page (1252)
C:\Users\mrdal\Desktop\QA_Lab3_Shorakhmatov\classf\classf.cpp(233,10): warning C4566: character represented by universal-character-name '\u043A' cannot be represented in the current code page (1252)
C:\Users\mrdal\Desktop\QA_Lab3_Shorakhmatov\classf\classf.cpp(233,10): warning C4566: character represented by universal-character-name '\u0430' cannot be represented in the current code page (1252)
C:\Users\mrdal\Desktop\QA_Lab3_Shorakhmatov\classf\classf.cpp(233,10): warning C4566: character represented by universal-character-name '\u0443' cannot be represented in the current code page (1252)
C:\Users\mrdal\Desktop\QA_Lab3_Shorakhmatov\classf\classf.cpp(233,10): warning C4566: character represented by universal-character-name '\u0433' cannot be represented in the current code page (1252)
C:\Users\mrdal\Desktop\QA_Lab3_Shorakhmatov\classf\classf.cpp(233,10): warning C4566: character represented by universal-character-name '\u0441' cannot be represented in the current code page (1252)
C:\Users\mrdal\Desktop\QA_Lab3_Shorakhmatov\classf\classf.cpp(233,10): warning C4566: character represented by universal-character-name '\u043D' cannot be represented in the current code page (1252)
C:\Users\mrdal\Desktop\QA_Lab3_Shorakhmatov\classf\classf.cpp(233,10): warning C4566: character represented by universal-character-name '\u0444' cannot be represented in the current code page (1252)
C:\Users\mrdal\Desktop\QA_Lab3_Shorakhmatov\classf\classf.cpp(233,10): warning C4566: character represented by universal-character-name '\u043B' cannot be represented in the current code page (1252)
C:\Users\mrdal\Desktop\QA_Lab3_Shorakhmatov\classf\classf.cpp(233,10): warning C4566: character represented by universal-character-name '\u044C' cannot be represented in the current code page (1252)
C:\Users\mrdal\Desktop\QA_Lab3_Shorakhmatov\classf\classf.cpp(233,10): warning C4566: character represented by universal-character-name '\u043C' cannot be represented in the current code page (1252)
C:\Users\mrdal\Desktop\QA_Lab3_Shorakhmatov\classf\classf.cpp(238,10): warning C4566: character represented by universal-character-name '\u0412' cannot be represented in the current code page (1252)
C:\Users\mrdal\Desktop\QA_Lab3_Shorakhmatov\classf\classf.cpp(238,10): warning C4566: character represented by universal-character-name '\u0432' cannot be represented in the current code page (1252)
C:\Users\mrdal\Desktop\QA_Lab3_Shorakhmatov\classf\classf.cpp(238,10): warning C4566: character represented by universal-character-name '\u0435' cannot be represented in the current code page (1252)
C:\Users\mrdal\Desktop\QA_Lab3_Shorakhmatov\classf\classf.cpp(238,10): warning C4566: character represented by universal-character-name '\u0434' cannot be represented in the current code page (1252)
C:\Users\mrdal\Desktop\QA_Lab3_Shorakhmatov\classf\classf.cpp(238,10): warning C4566: character represented by universal-character-name '\u0438' cannot be represented in the current code page (1252)
C:\Users\mrdal\Desktop\QA_Lab3_Shorakhmatov\classf\classf.cpp(238,10): warning C4566: character represented by universal-character-name '\u0442' cannot be represented in the current code page (1252)
C:\Users\mrdal\Desktop\QA_Lab3_Shorakhmatov\classf\classf.cpp(238,10): warning C4566: character represented by universal-character-name '\u043E' cannot be represented in the current code page (1252)
C:\Users\mrdal\Desktop\QA_Lab3_Shorakhmatov\classf\classf.cpp(238,10): warning C4566: character represented by universal-character-name '\u0445' cannot be represented in the current code page (1252)
C:\Users\mrdal\Desktop\QA_Lab3_Shorakhmatov\classf\classf.cpp(238,10): warning C4566: character represented by universal-character-name '\u043F' cannot be represented in the current code page (1252)
C:\Users\mrdal\Desktop\QA_Lab3_Shorakhmatov\classf\classf.cpp(238,10): warning C4566: character represented by universal-character-name '\u0440' cannot be represented in the current code page (1252)
C:\Users\mrdal\Desktop\QA_Lab3_Shorakhmatov\classf\classf.cpp(238,10): warning C4566: character represented by universal-character-name '\u043A' cannot be represented in the current code page (1252)
C:\Users\mrdal\Desktop\QA_Lab3_Shorakhmatov\classf\classf.cpp(238,10): warning C4566: character represented by universal-character-name '\u0430' cannot be represented in the current code page (1252)
C:\Users\mrdal\Desktop\QA_Lab3_Shorakhmatov\classf\classf.cpp(238,10): warning C4566: character represented by universal-character-name '\u0443' cannot be represented in the current code page (1252)
C:\Users\mrdal\Desktop\QA_Lab3_Shorakhmatov\classf\classf.cpp(238,10): warning C4566: character represented by universal-character-name '\u0433' cannot be represented in the current code page (1252)
C:\Users\mrdal\Desktop\QA_Lab3_Shorakhmatov\classf\classf.cpp(238,10): warning C4566: character represented by universal-character-name '\u0441' cannot be represented in the current code page (1252)
C:\Users\mrdal\Desktop\QA_Lab3_Shorakhmatov\classf\classf.cpp(238,10): warning C4566: character represented by universal-character-name '\u043D' cannot be represented in the current code page (1252)
C:\Users\mrdal\Desktop\QA_Lab3_Shorakhmatov\classf\classf.cpp(238,10): warning C4566: character represented by universal-character-name '\u0444' cannot be represented in the current code page (1252)
C:\Users\mrdal\Desktop\QA_Lab3_Shorakhmatov\classf\classf.cpp(238,10): warning C4566: character represented by universal-character-name '\u043B' cannot be represented in the current code page (1252)
C:\Users\mrdal\Desktop\QA_Lab3_Shorakhmatov\classf\classf.cpp(238,10): warning C4566: character represented by universal-character-name '\u044C' cannot be represented in the current code page (1252)
C:\Users\mrdal\Desktop\QA_Lab3_Shorakhmatov\classf\classf.cpp(238,10): warning C4566: character represented by universal-character-name '\u043C' cannot be represented in the current code page (1252)
C:\Users\mrdal\Desktop\QA_Lab3_Shorakhmatov\classf\classf.cpp(242,10): warning C4566: character represented by universal-character-name '\u0412' cannot be represented in the current code page (1252)
C:\Users\mrdal\Desktop\QA_Lab3_Shorakhmatov\classf\classf.cpp(242,10): warning C4566: character represented by universal-character-name '\u0432' cannot be represented in the current code page (1252)
C:\Users\mrdal\Desktop\QA_Lab3_Shorakhmatov\classf\classf.cpp(242,10): warning C4566: character represented by universal-character-name '\u0435' cannot be represented in the current code page (1252)
C:\Users\mrdal\Desktop\QA_Lab3_Shorakhmatov\classf\classf.cpp(242,10): warning C4566: character represented by universal-character-name '\u0434' cannot be represented in the current code page (1252)
C:\Users\mrdal\Desktop\QA_Lab3_Shorakhmatov\classf\classf.cpp(242,10): warning C4566: character represented by universal-character-name '\u0438' cannot be represented in the current code page (1252)
C:\Users\mrdal\Desktop\QA_Lab3_Shorakhmatov\classf\classf.cpp(242,10): warning C4566: character represented by universal-character-name '\u0442' cannot be represented in the current code page (1252)
C:\Users\mrdal\Desktop\QA_Lab3_Shorakhmatov\classf\classf.cpp(242,10): warning C4566: character represented by universal-character-name '\u043E' cannot be represented in the current code page (1252)
C:\Users\mrdal\Desktop\QA_Lab3_Shorakhmatov\classf\classf.cpp(242,10): warning C4566: character represented by universal-character-name '\u0445' cannot be represented in the current code page (1252)
C:\Users\mrdal\Desktop\QA_Lab3_Shorakhmatov\classf\classf.cpp(242,10): warning C4566: character represented by universal-character-name '\u043F' cannot be represented in the current code page (1252)
C:\Users\mrdal\Desktop\QA_Lab3_Shorakhmatov\classf\classf.cpp(242,10): warning C4566: character represented by universal-character-name '\u0440' cannot be represented in the current code page (1252)
C:\Users\mrdal\Desktop\QA_Lab3_Shorakhmatov\classf\classf.cpp(242,10): warning C4566: character represented by universal-character-name '\u043A' cannot be represented in the current code page (1252)
C:\Users\mrdal\Desktop\QA_Lab3_Shorakhmatov\classf\classf.cpp(242,10): warning C4566: character represented by universal-character-name '\u0430' cannot be represented in the current code page (1252)
C:\Users\mrdal\Desktop\QA_Lab3_Shorakhmatov\classf\classf.cpp(242,10): warning C4566: character represented by universal-character-name '\u0443' cannot be represented in the current code page (1252)
C:\Users\mrdal\Desktop\QA_Lab3_Shorakhmatov\classf\classf.cpp(242,10): warning C4566: character represented by universal-character-name '\u0433' cannot be represented in the current code page (1252)
C:\Users\mrdal\Desktop\QA_Lab3_Shorakhmatov\classf\classf.cpp(242,10): warning C4566: character represented by universal-character-name '\u0441' cannot be represented in the current code page (1252)
C:\Users\mrdal\Desktop\QA_Lab3_Shorakhmatov\classf\classf.cpp(242,10): warning C4566: character represented by universal-character-name '\u043D' cannot be represented in the current code page (1252)
C:\Users\mrdal\Desktop\QA_Lab3_Shorakhmatov\classf\classf.cpp(242,10): warning C4566: character represented by universal-character-name '\u044C' cannot be represented in the current code page (1252)
C:\Users\mrdal\Desktop\QA_Lab3_Shorakhmatov\classf\classf.cpp(242,10): warning C4566: character represented by universal-character-name '\u0444' cannot be represented in the current code page (1252)
C:\Users\mrdal\Desktop\QA_Lab3_Shorakhmatov\classf\classf.cpp(242,10): warning C4566: character represented by universal-character-name '\u043B' cannot be represented in the current code page (1252)
C:\Users\mrdal\Desktop\QA_Lab3_Shorakhmatov\classf\classf.cpp(242,10): warning C4566: character represented by universal-character-name '\u043C' cannot be represented in the current code page (1252)
C:\Users\mrdal\Desktop\QA_Lab3_Shorakhmatov\classf\classf.cpp(257,10): warning C4566: character represented by universal-character-name '\u041F' cannot be represented in the current code page (1252)
C:\Users\mrdal\Desktop\QA_Lab3_Shorakhmatov\classf\classf.cpp(257,10): warning C4566: character represented by universal-character-name '\u0440' cannot be represented in the current code page (1252)
C:\Users\mrdal\Desktop\QA_Lab3_Shorakhmatov\classf\classf.cpp(257,10): warning C4566: character represented by universal-character-name '\u0438' cannot be represented in the current code page (1252)
C:\Users\mrdal\Desktop\QA_Lab3_Shorakhmatov\classf\classf.cpp(257,10): warning C4566: character represented by universal-character-name '\u0431' cannot be represented in the current code page (1252)
C:\Users\mrdal\Desktop\QA_Lab3_Shorakhmatov\classf\classf.cpp(257,10): warning C4566: character represented by universal-character-name '\u043B' cannot be represented in the current code page (1252)
C:\Users\mrdal\Desktop\QA_Lab3_Shorakhmatov\classf\classf.cpp(257,10): warning C4566: character represented by universal-character-name '\u044C' cannot be represented in the current code page (1252)
C:\Users\mrdal\Desktop\QA_Lab3_Shorakhmatov\classf\classf.cpp(257,10): warning C4566: character represented by universal-character-name '\u0443' cannot be represented in the current code page (1252)
C:\Users\mrdal\Desktop\QA_Lab3_Shorakhmatov\classf\classf.cpp(257,10): warning C4566: character represented by universal-character-name '\u0432' cannot be represented in the current code page (1252)
C:\Users\mrdal\Desktop\QA_Lab3_Shorakhmatov\classf\classf.cpp(257,10): warning C4566: character represented by universal-character-name '\u0435' cannot be represented in the current code page (1252)
C:\Users\mrdal\Desktop\QA_Lab3_Shorakhmatov\classf\classf.cpp(257,10): warning C4566: character represented by universal-character-name '\u0447' cannot be represented in the current code page (1252)
C:\Users\mrdal\Desktop\QA_Lab3_Shorakhmatov\classf\classf.cpp(257,10): warning C4566: character represented by universal-character-name '\u043D' cannot be represented in the current code page (1252)
C:\Users\mrdal\Desktop\QA_Lab3_Shorakhmatov\classf\classf.cpp(257,10): warning C4566: character represented by universal-character-name '\u043E' cannot be represented in the current code page (1252)
C:\Users\mrdal\Desktop\QA_Lab3_Shorakhmatov\classf\classf.cpp(257,10): warning C4566: character represented by universal-character-name '\u0430' cannot be represented in the current code page (1252)
C:\Users\mrdal\Desktop\QA_Lab3_Shorakhmatov\classf\classf.cpp(257,10): warning C4566: character represented by universal-character-name '\u044F' cannot be represented in the current code page (1252)
C:\Users\mrdal\Desktop\QA_Lab3_Shorakhmatov\classf\classf.cpp(257,10): warning C4566: character represented by universal-character-name '\u043F' cannot be represented in the current code page (1252)
  classf.vcxproj -> C:\Users\mrdal\Desktop\QA_Lab3_Shorakhmatov\x64\Debug\classf.exe
